<?xml version="1.0" encoding="UTF-8"?>
<testsuite xmlns:xsi="http://www.w3.org/2001/XMLSchema-instance" xsi:noNamespaceSchemaLocation="https://maven.apache.org/surefire/maven-surefire-plugin/xsd/surefire-test-report-3.0.xsd" version="3.0" name="de.mhus.sample.quarkus.ExampleResourceTest" time="6.823" tests="1" errors="0" skipped="0" failures="0">
  <properties>
    <property name="servlet.version" value="3.1.0"/>
    <property name="jaeger.version" value="0.32.0"/>
    <property name="war.plugin" value="2.3"/>
    <property name="java.specification.version" value="11"/>
    <property name="sun.cpu.isalist" value=""/>
    <property name="mongo.morphia.version" value="1.5.3"/>
    <property name="jackson.version" value="2.10.2"/>
    <property name="sun.arch.data.model" value="64"/>
    <property name="surefire-plugin.version" value="3.0.0-M5"/>
    <property name="java.vendor.url" value="https://adoptopenjdk.net/"/>
    <property name="log4j.version" value="2.8.1"/>
    <property name="maven.compiler.parameters" value="true"/>
    <property name="sun.boot.library.path" value="/Library/Java/JavaVirtualMachines/adoptopenjdk-11.jdk/Contents/Home/lib"/>
    <property name="compileSource" value="11"/>
    <property name="mhus-osgi-dev.version" value="7.3.0-SNAPSHOT"/>
    <property name="sun.java.command" value="org.apache.maven.surefire.booter.ForkedBooter /Users/mikehummel/MHU/workspaces/mhus/mhus-itests/quarkus-mhus/target/surefire 2021-03-25T10-47-46_421-jvmRun1 surefire16963023703673293779tmp surefire_09021629748234824752tmp"/>
    <property name="jdk.debug" value="release"/>
    <property name="maven.version" value="3.5.0"/>
    <property name="karaf.plugin" value="4.2.6"/>
    <property name="java.specification.vendor" value="Oracle Corporation"/>
    <property name="java.version.date" value="2019-10-15"/>
    <property name="java.home" value="/Library/Java/JavaVirtualMachines/adoptopenjdk-11.jdk/Contents/Home"/>
    <property name="org.json.version" value="20180813"/>
    <property name="basedir" value="/Users/mikehummel/MHU/workspaces/mhus/mhus-itests/quarkus-mhus"/>
    <property name="javax.activation.version" value="1.1.1"/>
    <property name="felix.webconsole.version" value="4.2.0"/>
    <property name="java.vm.specification.vendor" value="Oracle Corporation"/>
    <property name="java.specification.name" value="Java Platform API Specification"/>
    <property name="scr.packages" value="*"/>
    <property name="sun.management.compiler" value="HotSpot 64-Bit Tiered Compilers"/>
    <property name="java.runtime.version" value="11.0.5+10"/>
    <property name="vaadin.plugin" value="8.8.3"/>
    <property name="w3c.css.sac" value="1.3"/>
    <property name="file.encoding" value="UTF-8"/>
    <property name="compiler.plugin" value="3.8.0"/>
    <property name="java.vendor.version" value="AdoptOpenJDK"/>
    <property name="commons-io.version" value="1.3.2"/>
    <property name="mhus-micro.version" value="7.0.0-SNAPSHOT"/>
    <property name="java.io.tmpdir" value="/var/folders/0s/h7h_nc990713dn8nr6wqvn8c0000gn/T/"/>
    <property name="snakeyaml.version" value="1.26"/>
    <property name="java.version" value="11.0.5"/>
    <property name="openjpa.version" value="2.2.1"/>
    <property name="bouncycastle.mail.version" value="1.46"/>
    <property name="java.vm.specification.name" value="Java Virtual Machine Specification"/>
    <property name="java.awt.printerjob" value="sun.lwawt.macosx.CPrinterJob"/>
    <property name="apache.rat.plugin" value="0.13"/>
    <property name="java.library.path" value="/Users/mikehummel/Library/Java/Extensions:/Library/Java/Extensions:/Network/Library/Java/Extensions:/System/Library/Java/Extensions:/usr/lib/java:."/>
    <property name="java.vendor" value="AdoptOpenJDK"/>
    <property name="maven-git-code-format.version" value="1.32"/>
    <property name="sun.io.unicode.encoding" value="UnicodeBig"/>
    <property name="httpcomponents.httpasyncclient.version" value="4.1.4"/>
    <property name="quarkus-plugin.version" value="1.11.3.Final"/>
    <property name="pax-url-aether.version" value="2.5.3"/>
    <property name="mongo.bwaldvogel.version" value="1.18.2"/>
    <property name="commons-jexl.version" value="2.1.1"/>
    <property name="gpg.passphrase" value="iwonakos"/>
    <property name="quarkus.platform.artifact-id" value="quarkus-universe-bom"/>
    <property name="commons-beanutils.version" value="1.9.4"/>
    <property name="compiler-plugin.version" value="3.8.1"/>
    <property name="user.timezone" value="Europe/Berlin"/>
    <property name="commons-lang3.version" value="3.9"/>
    <property name="java.vm.specification.version" value="11"/>
    <property name="os.name" value="Mac OS X"/>
    <property name="felix.healthcheck.annotation.version" value="2.0.0"/>
    <property name="bytebuddy.version" value="1.9.4"/>
    <property name="javax.mail.version" value="1.4.1"/>
    <property name="surefire.test.class.path" value="/Users/mikehummel/MHU/workspaces/mhus/mhus-itests/quarkus-mhus/target/test-classes:/Users/mikehummel/MHU/workspaces/mhus/mhus-itests/quarkus-mhus/target/classes:/Users/mikehummel/.m2/repository/de/mhus/lib/lib-annotations/7.4.0-SNAPSHOT/lib-annotations-7.4.0-SNAPSHOT.jar:/Users/mikehummel/.m2/repository/com/fasterxml/jackson/core/jackson-databind/2.10.2/jackson-databind-2.10.2.jar:/Users/mikehummel/.m2/repository/com/fasterxml/jackson/core/jackson-annotations/2.11.3/jackson-annotations-2.11.3.jar:/Users/mikehummel/.m2/repository/com/fasterxml/jackson/core/jackson-core/2.11.3/jackson-core-2.11.3.jar:/Users/mikehummel/.m2/repository/org/apache/logging/log4j/log4j-core/2.8.1/log4j-core-2.8.1.jar:/Users/mikehummel/.m2/repository/org/apache/logging/log4j/log4j-api/2.8.1/log4j-api-2.8.1.jar:/Users/mikehummel/.m2/repository/org/slf4j/slf4j-api/1.7.6/slf4j-api-1.7.6.jar:/Users/mikehummel/.m2/repository/de/mhus/lib/lib-core/7.4.0-SNAPSHOT/lib-core-7.4.0-SNAPSHOT.jar:/Users/mikehummel/.m2/repository/org/bouncycastle/bcprov-jdk15on/1.66/bcprov-jdk15on-1.66.jar:/Users/mikehummel/.m2/repository/org/bouncycastle/bcmail-jdk15/1.46/bcmail-jdk15-1.46.jar:/Users/mikehummel/.m2/repository/org/apache/httpcomponents/httpclient/4.5.13/httpclient-4.5.13.jar:/Users/mikehummel/.m2/repository/org/apache/httpcomponents/httpcore/4.4.14/httpcore-4.4.14.jar:/Users/mikehummel/.m2/repository/commons-logging/commons-logging/1.2/commons-logging-1.2.jar:/Users/mikehummel/.m2/repository/commons-codec/commons-codec/1.14/commons-codec-1.14.jar:/Users/mikehummel/.m2/repository/net/bytebuddy/byte-buddy/1.9.4/byte-buddy-1.9.4.jar:/Users/mikehummel/.m2/repository/net/bytebuddy/byte-buddy-agent/1.9.4/byte-buddy-agent-1.9.4.jar:/Users/mikehummel/.m2/repository/javax/mail/mail/1.4.1/mail-1.4.1.jar:/Users/mikehummel/.m2/repository/javax/activation/activation/1.1.1/activation-1.1.1.jar:/Users/mikehummel/.m2/repository/org/jline/jline/3.9.0/jline-3.9.0.jar:/Users/mikehummel/.m2/repository/org/apache/shiro/shiro-core/1.6.0/shiro-core-1.6.0.jar:/Users/mikehummel/.m2/repository/org/apache/shiro/shiro-lang/1.6.0/shiro-lang-1.6.0.jar:/Users/mikehummel/.m2/repository/org/apache/shiro/shiro-cache/1.6.0/shiro-cache-1.6.0.jar:/Users/mikehummel/.m2/repository/org/apache/shiro/shiro-crypto-hash/1.6.0/shiro-crypto-hash-1.6.0.jar:/Users/mikehummel/.m2/repository/org/apache/shiro/shiro-crypto-core/1.6.0/shiro-crypto-core-1.6.0.jar:/Users/mikehummel/.m2/repository/org/apache/shiro/shiro-crypto-cipher/1.6.0/shiro-crypto-cipher-1.6.0.jar:/Users/mikehummel/.m2/repository/org/apache/shiro/shiro-event/1.6.0/shiro-event-1.6.0.jar:/Users/mikehummel/.m2/repository/org/apache/shiro/shiro-config-core/1.6.0/shiro-config-core-1.6.0.jar:/Users/mikehummel/.m2/repository/org/apache/shiro/shiro-config-ogdl/1.6.0/shiro-config-ogdl-1.6.0.jar:/Users/mikehummel/.m2/repository/commons-beanutils/commons-beanutils/1.9.4/commons-beanutils-1.9.4.jar:/Users/mikehummel/.m2/repository/commons-collections/commons-collections/3.2.2/commons-collections-3.2.2.jar:/Users/mikehummel/.m2/repository/io/jsonwebtoken/jjwt-api/0.11.2/jjwt-api-0.11.2.jar:/Users/mikehummel/.m2/repository/io/jsonwebtoken/jjwt-impl/0.11.2/jjwt-impl-0.11.2.jar:/Users/mikehummel/.m2/repository/io/jsonwebtoken/jjwt-jackson/0.11.2/jjwt-jackson-0.11.2.jar:/Users/mikehummel/.m2/repository/org/yaml/snakeyaml/1.26/snakeyaml-1.26.jar:/Users/mikehummel/.m2/repository/org/apache/maven/maven-plugin-api/3.6.3/maven-plugin-api-3.6.3.jar:/Users/mikehummel/.m2/repository/org/apache/maven/maven-model/3.6.3/maven-model-3.6.3.jar:/Users/mikehummel/.m2/repository/org/apache/maven/maven-artifact/3.6.3/maven-artifact-3.6.3.jar:/Users/mikehummel/.m2/repository/org/eclipse/sisu/org.eclipse.sisu.plexus/0.3.4/org.eclipse.sisu.plexus-0.3.4.jar:/Users/mikehummel/.m2/repository/javax/enterprise/cdi-api/1.0/cdi-api-1.0.jar:/Users/mikehummel/.m2/repository/javax/annotation/jsr250-api/1.0/jsr250-api-1.0.jar:/Users/mikehummel/.m2/repository/javax/inject/javax.inject/1/javax.inject-1.jar:/Users/mikehummel/.m2/repository/org/codehaus/plexus/plexus-component-annotations/2.1.0/plexus-component-annotations-2.1.0.jar:/Users/mikehummel/.m2/repository/org/codehaus/plexus/plexus-utils/3.2.1/plexus-utils-3.2.1.jar:/Users/mikehummel/.m2/repository/org/codehaus/plexus/plexus-classworlds/2.6.0/plexus-classworlds-2.6.0.jar:/Users/mikehummel/.m2/repository/io/opentracing/opentracing-api/0.31.0/opentracing-api-0.31.0.jar:/Users/mikehummel/.m2/repository/io/opentracing/opentracing-util/0.31.0/opentracing-util-0.31.0.jar:/Users/mikehummel/.m2/repository/io/opentracing/opentracing-noop/0.31.0/opentracing-noop-0.31.0.jar:/Users/mikehummel/.m2/repository/javax/cache/cache-api/1.1.1/cache-api-1.1.1.jar:/Users/mikehummel/.m2/repository/io/quarkus/quarkus-arc/1.11.3.Final/quarkus-arc-1.11.3.Final.jar:/Users/mikehummel/.m2/repository/io/quarkus/arc/arc/1.11.3.Final/arc-1.11.3.Final.jar:/Users/mikehummel/.m2/repository/jakarta/enterprise/jakarta.enterprise.cdi-api/2.0.2/jakarta.enterprise.cdi-api-2.0.2.jar:/Users/mikehummel/.m2/repository/jakarta/el/jakarta.el-api/3.0.3/jakarta.el-api-3.0.3.jar:/Users/mikehummel/.m2/repository/jakarta/interceptor/jakarta.interceptor-api/1.2.5/jakarta.interceptor-api-1.2.5.jar:/Users/mikehummel/.m2/repository/jakarta/annotation/jakarta.annotation-api/1.3.5/jakarta.annotation-api-1.3.5.jar:/Users/mikehummel/.m2/repository/jakarta/transaction/jakarta.transaction-api/1.3.3/jakarta.transaction-api-1.3.3.jar:/Users/mikehummel/.m2/repository/org/jboss/logging/jboss-logging/3.4.1.Final/jboss-logging-3.4.1.Final.jar:/Users/mikehummel/.m2/repository/io/quarkus/quarkus-core/1.11.3.Final/quarkus-core-1.11.3.Final.jar:/Users/mikehummel/.m2/repository/jakarta/inject/jakarta.inject-api/1.0/jakarta.inject-api-1.0.jar:/Users/mikehummel/.m2/repository/io/quarkus/quarkus-ide-launcher/1.11.3.Final/quarkus-ide-launcher-1.11.3.Final.jar:/Users/mikehummel/.m2/repository/io/quarkus/quarkus-development-mode-spi/1.11.3.Final/quarkus-development-mode-spi-1.11.3.Final.jar:/Users/mikehummel/.m2/repository/io/smallrye/config/smallrye-config/1.10.2/smallrye-config-1.10.2.jar:/Users/mikehummel/.m2/repository/io/smallrye/common/smallrye-common-annotation/1.5.0/smallrye-common-annotation-1.5.0.jar:/Users/mikehummel/.m2/repository/io/smallrye/config/smallrye-config-common/1.10.2/smallrye-config-common-1.10.2.jar:/Users/mikehummel/.m2/repository/org/eclipse/microprofile/config/microprofile-config-api/1.4/microprofile-config-api-1.4.jar:/Users/mikehummel/.m2/repository/io/smallrye/common/smallrye-common-expression/1.5.0/smallrye-common-expression-1.5.0.jar:/Users/mikehummel/.m2/repository/io/smallrye/common/smallrye-common-function/1.5.0/smallrye-common-function-1.5.0.jar:/Users/mikehummel/.m2/repository/io/smallrye/common/smallrye-common-constraint/1.5.0/smallrye-common-constraint-1.5.0.jar:/Users/mikehummel/.m2/repository/io/smallrye/common/smallrye-common-classloader/1.5.0/smallrye-common-classloader-1.5.0.jar:/Users/mikehummel/.m2/repository/org/jboss/logmanager/jboss-logmanager-embedded/1.0.6/jboss-logmanager-embedded-1.0.6.jar:/Users/mikehummel/.m2/repository/org/jboss/logging/jboss-logging-annotations/2.2.0.Final/jboss-logging-annotations-2.2.0.Final.jar:/Users/mikehummel/.m2/repository/org/jboss/threads/jboss-threads/3.2.0.Final/jboss-threads-3.2.0.Final.jar:/Users/mikehummel/.m2/repository/org/jboss/slf4j/slf4j-jboss-logmanager/1.1.0.Final/slf4j-jboss-logmanager-1.1.0.Final.jar:/Users/mikehummel/.m2/repository/org/graalvm/sdk/graal-sdk/20.3.1/graal-sdk-20.3.1.jar:/Users/mikehummel/.m2/repository/org/wildfly/common/wildfly-common/1.5.4.Final-format-001/wildfly-common-1.5.4.Final-format-001.jar:/Users/mikehummel/.m2/repository/io/quarkus/quarkus-bootstrap-runner/1.11.3.Final/quarkus-bootstrap-runner-1.11.3.Final.jar:/Users/mikehummel/.m2/repository/org/eclipse/microprofile/context-propagation/microprofile-context-propagation-api/1.0.1/microprofile-context-propagation-api-1.0.1.jar:/Users/mikehummel/.m2/repository/io/quarkus/quarkus-resteasy/1.11.3.Final/quarkus-resteasy-1.11.3.Final.jar:/Users/mikehummel/.m2/repository/io/quarkus/quarkus-vertx-http/1.11.3.Final/quarkus-vertx-http-1.11.3.Final.jar:/Users/mikehummel/.m2/repository/io/quarkus/quarkus-security-runtime-spi/1.11.3.Final/quarkus-security-runtime-spi-1.11.3.Final.jar:/Users/mikehummel/.m2/repository/io/quarkus/quarkus-vertx-http-dev-console-runtime-spi/1.11.3.Final/quarkus-vertx-http-dev-console-runtime-spi-1.11.3.Final.jar:/Users/mikehummel/.m2/repository/io/quarkus/security/quarkus-security/1.1.3.Final/quarkus-security-1.1.3.Final.jar:/Users/mikehummel/.m2/repository/io/smallrye/reactive/mutiny/0.12.5/mutiny-0.12.5.jar:/Users/mikehummel/.m2/repository/org/reactivestreams/reactive-streams/1.0.3/reactive-streams-1.0.3.jar:/Users/mikehummel/.m2/repository/io/quarkus/quarkus-vertx-core/1.11.3.Final/quarkus-vertx-core-1.11.3.Final.jar:/Users/mikehummel/.m2/repository/io/quarkus/quarkus-netty/1.11.3.Final/quarkus-netty-1.11.3.Final.jar:/Users/mikehummel/.m2/repository/io/netty/netty-codec/4.1.49.Final/netty-codec-4.1.49.Final.jar:/Users/mikehummel/.m2/repository/io/netty/netty-handler/4.1.49.Final/netty-handler-4.1.49.Final.jar:/Users/mikehummel/.m2/repository/io/vertx/vertx-core/3.9.5/vertx-core-3.9.5.jar:/Users/mikehummel/.m2/repository/io/netty/netty-common/4.1.49.Final/netty-common-4.1.49.Final.jar:/Users/mikehummel/.m2/repository/io/netty/netty-buffer/4.1.49.Final/netty-buffer-4.1.49.Final.jar:/Users/mikehummel/.m2/repository/io/netty/netty-transport/4.1.49.Final/netty-transport-4.1.49.Final.jar:/Users/mikehummel/.m2/repository/io/netty/netty-handler-proxy/4.1.49.Final/netty-handler-proxy-4.1.49.Final.jar:/Users/mikehummel/.m2/repository/io/netty/netty-codec-socks/4.1.49.Final/netty-codec-socks-4.1.49.Final.jar:/Users/mikehummel/.m2/repository/io/netty/netty-codec-http/4.1.49.Final/netty-codec-http-4.1.49.Final.jar:/Users/mikehummel/.m2/repository/io/netty/netty-codec-http2/4.1.49.Final/netty-codec-http2-4.1.49.Final.jar:/Users/mikehummel/.m2/repository/io/netty/netty-resolver/4.1.49.Final/netty-resolver-4.1.49.Final.jar:/Users/mikehummel/.m2/repository/io/netty/netty-resolver-dns/4.1.49.Final/netty-resolver-dns-4.1.49.Final.jar:/Users/mikehummel/.m2/repository/io/netty/netty-codec-dns/4.1.49.Final/netty-codec-dns-4.1.49.Final.jar:/Users/mikehummel/.m2/repository/io/vertx/vertx-web/3.9.5/vertx-web-3.9.5.jar:/Users/mikehummel/.m2/repository/io/vertx/vertx-web-common/3.9.5/vertx-web-common-3.9.5.jar:/Users/mikehummel/.m2/repository/io/vertx/vertx-auth-common/3.9.5/vertx-auth-common-3.9.5.jar:/Users/mikehummel/.m2/repository/io/vertx/vertx-bridge-common/3.9.5/vertx-bridge-common-3.9.5.jar:/Users/mikehummel/.m2/repository/io/quarkus/quarkus-resteasy-server-common/1.11.3.Final/quarkus-resteasy-server-common-1.11.3.Final.jar:/Users/mikehummel/.m2/repository/io/quarkus/quarkus-resteasy-common/1.11.3.Final/quarkus-resteasy-common-1.11.3.Final.jar:/Users/mikehummel/.m2/repository/org/jboss/resteasy/resteasy-core/4.5.8.SP1/resteasy-core-4.5.8.SP1.jar:/Users/mikehummel/.m2/repository/org/jboss/spec/javax/ws/rs/jboss-jaxrs-api_2.1_spec/2.0.1.Final/jboss-jaxrs-api_2.1_spec-2.0.1.Final.jar:/Users/mikehummel/.m2/repository/org/jboss/spec/javax/xml/bind/jboss-jaxb-api_2.3_spec/2.0.0.Final/jboss-jaxb-api_2.3_spec-2.0.0.Final.jar:/Users/mikehummel/.m2/repository/org/jboss/resteasy/resteasy-core-spi/4.5.8.SP1/resteasy-core-spi-4.5.8.SP1.jar:/Users/mikehummel/.m2/repository/com/ibm/async/asyncutil/0.1.0/asyncutil-0.1.0.jar:/Users/mikehummel/.m2/repository/com/sun/activation/jakarta.activation/1.2.1/jakarta.activation-1.2.1.jar:/Users/mikehummel/.m2/repository/jakarta/validation/jakarta.validation-api/2.0.2/jakarta.validation-api-2.0.2.jar:/Users/mikehummel/.m2/repository/io/quarkus/quarkus-junit5/1.11.3.Final/quarkus-junit5-1.11.3.Final.jar:/Users/mikehummel/.m2/repository/io/quarkus/quarkus-bootstrap-core/1.11.3.Final/quarkus-bootstrap-core-1.11.3.Final.jar:/Users/mikehummel/.m2/repository/io/quarkus/quarkus-bootstrap-app-model/1.11.3.Final/quarkus-bootstrap-app-model-1.11.3.Final.jar:/Users/mikehummel/.m2/repository/io/quarkus/quarkus-bootstrap-maven-resolver/1.11.3.Final/quarkus-bootstrap-maven-resolver-1.11.3.Final.jar:/Users/mikehummel/.m2/repository/org/apache/maven/maven-embedder/3.6.3/maven-embedder-3.6.3.jar:/Users/mikehummel/.m2/repository/org/apache/maven/maven-settings/3.6.3/maven-settings-3.6.3.jar:/Users/mikehummel/.m2/repository/org/apache/maven/maven-core/3.6.3/maven-core-3.6.3.jar:/Users/mikehummel/.m2/repository/org/apache/maven/maven-model-builder/3.6.3/maven-model-builder-3.6.3.jar:/Users/mikehummel/.m2/repository/org/apache/maven/maven-builder-support/3.6.3/maven-builder-support-3.6.3.jar:/Users/mikehummel/.m2/repository/org/apache/maven/resolver/maven-resolver-api/1.4.1/maven-resolver-api-1.4.1.jar:/Users/mikehummel/.m2/repository/org/apache/maven/resolver/maven-resolver-util/1.4.1/maven-resolver-util-1.4.1.jar:/Users/mikehummel/.m2/repository/org/apache/maven/shared/maven-shared-utils/3.2.1/maven-shared-utils-3.2.1.jar:/Users/mikehummel/.m2/repository/com/google/inject/guice/4.2.1/guice-4.2.1-no_aop.jar:/Users/mikehummel/.m2/repository/commons-cli/commons-cli/1.4/commons-cli-1.4.jar:/Users/mikehummel/.m2/repository/org/apache/maven/maven-settings-builder/3.6.3/maven-settings-builder-3.6.3.jar:/Users/mikehummel/.m2/repository/org/codehaus/plexus/plexus-interpolation/1.25/plexus-interpolation-1.25.jar:/Users/mikehummel/.m2/repository/org/sonatype/plexus/plexus-sec-dispatcher/1.4/plexus-sec-dispatcher-1.4.jar:/Users/mikehummel/.m2/repository/org/sonatype/plexus/plexus-cipher/1.4/plexus-cipher-1.4.jar:/Users/mikehummel/.m2/repository/org/apache/maven/maven-resolver-provider/3.6.3/maven-resolver-provider-3.6.3.jar:/Users/mikehummel/.m2/repository/org/apache/maven/maven-repository-metadata/3.6.3/maven-repository-metadata-3.6.3.jar:/Users/mikehummel/.m2/repository/org/apache/maven/resolver/maven-resolver-spi/1.4.1/maven-resolver-spi-1.4.1.jar:/Users/mikehummel/.m2/repository/org/apache/maven/resolver/maven-resolver-impl/1.4.1/maven-resolver-impl-1.4.1.jar:/Users/mikehummel/.m2/repository/org/apache/maven/resolver/maven-resolver-connector-basic/1.4.1/maven-resolver-connector-basic-1.4.1.jar:/Users/mikehummel/.m2/repository/org/apache/maven/resolver/maven-resolver-transport-wagon/1.4.1/maven-resolver-transport-wagon-1.4.1.jar:/Users/mikehummel/.m2/repository/org/apache/maven/wagon/wagon-http/3.3.4/wagon-http-3.3.4.jar:/Users/mikehummel/.m2/repository/org/apache/maven/wagon/wagon-http-shared/3.3.4/wagon-http-shared-3.3.4.jar:/Users/mikehummel/.m2/repository/org/jsoup/jsoup/1.12.1/jsoup-1.12.1.jar:/Users/mikehummel/.m2/repository/org/apache/maven/wagon/wagon-provider-api/3.3.4/wagon-provider-api-3.3.4.jar:/Users/mikehummel/.m2/repository/org/apache/maven/wagon/wagon-file/3.3.4/wagon-file-3.3.4.jar:/Users/mikehummel/.m2/repository/io/quarkus/quarkus-bootstrap-gradle-resolver/1.11.3.Final/quarkus-bootstrap-gradle-resolver-1.11.3.Final.jar:/Users/mikehummel/.m2/repository/io/smallrye/common/smallrye-common-io/1.5.0/smallrye-common-io-1.5.0.jar:/Users/mikehummel/.m2/repository/org/eclipse/sisu/org.eclipse.sisu.inject/0.3.4/org.eclipse.sisu.inject-0.3.4.jar:/Users/mikehummel/.m2/repository/io/quarkus/quarkus-test-common/1.11.3.Final/quarkus-test-common-1.11.3.Final.jar:/Users/mikehummel/.m2/repository/io/quarkus/quarkus-core-deployment/1.11.3.Final/quarkus-core-deployment-1.11.3.Final.jar:/Users/mikehummel/.m2/repository/io/quarkus/gizmo/gizmo/1.0.6.Final/gizmo-1.0.6.Final.jar:/Users/mikehummel/.m2/repository/org/ow2/asm/asm-util/9.0/asm-util-9.0.jar:/Users/mikehummel/.m2/repository/org/ow2/asm/asm-tree/9.0/asm-tree-9.0.jar:/Users/mikehummel/.m2/repository/org/ow2/asm/asm-analysis/9.0/asm-analysis-9.0.jar:/Users/mikehummel/.m2/repository/org/ow2/asm/asm/9.0/asm-9.0.jar:/Users/mikehummel/.m2/repository/io/quarkus/quarkus-class-change-agent/1.11.3.Final/quarkus-class-change-agent-1.11.3.Final.jar:/Users/mikehummel/.m2/repository/io/quarkus/quarkus-devtools-utilities/1.11.3.Final/quarkus-devtools-utilities-1.11.3.Final.jar:/Users/mikehummel/.m2/repository/io/quarkus/quarkus-builder/1.11.3.Final/quarkus-builder-1.11.3.Final.jar:/Users/mikehummel/.m2/repository/io/quarkus/quarkus-jsonp-deployment/1.11.3.Final/quarkus-jsonp-deployment-1.11.3.Final.jar:/Users/mikehummel/.m2/repository/io/quarkus/quarkus-jsonp/1.11.3.Final/quarkus-jsonp-1.11.3.Final.jar:/Users/mikehummel/.m2/repository/org/glassfish/jakarta.json/1.1.6/jakarta.json-1.1.6.jar:/Users/mikehummel/.m2/repository/org/jboss/jandex/2.2.2.Final/jandex-2.2.2.Final.jar:/Users/mikehummel/.m2/repository/org/jboss/logging/commons-logging-jboss-logging/1.0.0.Final/commons-logging-jboss-logging-1.0.0.Final.jar:/Users/mikehummel/.m2/repository/com/thoughtworks/xstream/xstream/1.4.14/xstream-1.4.14.jar:/Users/mikehummel/.m2/repository/xmlpull/xmlpull/1.1.3.1/xmlpull-1.1.3.1.jar:/Users/mikehummel/.m2/repository/xpp3/xpp3_min/1.1.4c/xpp3_min-1.1.4c.jar:/Users/mikehummel/.m2/repository/io/rest-assured/rest-assured/4.3.3/rest-assured-4.3.3.jar:/Users/mikehummel/.m2/repository/org/codehaus/groovy/groovy/3.0.5/groovy-3.0.5.jar:/Users/mikehummel/.m2/repository/org/codehaus/groovy/groovy-xml/3.0.7/groovy-xml-3.0.7.jar:/Users/mikehummel/.m2/repository/org/apache/httpcomponents/httpmime/4.5.13/httpmime-4.5.13.jar:/Users/mikehummel/.m2/repository/org/hamcrest/hamcrest/2.1/hamcrest-2.1.jar:/Users/mikehummel/.m2/repository/org/ccil/cowan/tagsoup/tagsoup/1.2.1/tagsoup-1.2.1.jar:/Users/mikehummel/.m2/repository/io/rest-assured/json-path/4.3.3/json-path-4.3.3.jar:/Users/mikehummel/.m2/repository/org/codehaus/groovy/groovy-json/3.0.5/groovy-json-3.0.5.jar:/Users/mikehummel/.m2/repository/io/rest-assured/rest-assured-common/4.3.3/rest-assured-common-4.3.3.jar:/Users/mikehummel/.m2/repository/io/rest-assured/xml-path/4.3.3/xml-path-4.3.3.jar:/Users/mikehummel/.m2/repository/org/apache/commons/commons-lang3/3.9/commons-lang3-3.9.jar:/Users/mikehummel/.m2/repository/jakarta/xml/bind/jakarta.xml.bind-api/2.3.3/jakarta.xml.bind-api-2.3.3.jar:/Users/mikehummel/.m2/repository/jakarta/activation/jakarta.activation-api/1.2.1/jakarta.activation-api-1.2.1.jar:/Users/mikehummel/.m2/repository/com/sun/xml/bind/jaxb-impl/2.3.3/jaxb-impl-2.3.3.jar:/Users/mikehummel/.m2/repository/io/quarkus/quarkus-container-image-docker/1.11.3.Final/quarkus-container-image-docker-1.11.3.Final.jar:/Users/mikehummel/.m2/repository/de/mhus/lib/lib-junit/7.4.0-SNAPSHOT/lib-junit-7.4.0-SNAPSHOT.jar:/Users/mikehummel/.m2/repository/org/junit/jupiter/junit-jupiter-engine/5.7.0/junit-jupiter-engine-5.7.0.jar:/Users/mikehummel/.m2/repository/org/apiguardian/apiguardian-api/1.1.0/apiguardian-api-1.1.0.jar:/Users/mikehummel/.m2/repository/org/junit/platform/junit-platform-engine/1.7.0/junit-platform-engine-1.7.0.jar:/Users/mikehummel/.m2/repository/org/junit/jupiter/junit-jupiter-api/5.7.0/junit-jupiter-api-5.7.0.jar:/Users/mikehummel/.m2/repository/org/opentest4j/opentest4j/1.2.0/opentest4j-1.2.0.jar:/Users/mikehummel/.m2/repository/org/junit/platform/junit-platform-commons/1.7.0/junit-platform-commons-1.7.0.jar:/Users/mikehummel/.m2/repository/org/junit/platform/junit-platform-launcher/1.7.0/junit-platform-launcher-1.7.0.jar:/Users/mikehummel/.m2/repository/com/github/docker-java/docker-java-core/3.2.5/docker-java-core-3.2.5.jar:/Users/mikehummel/.m2/repository/com/github/docker-java/docker-java-api/3.2.5/docker-java-api-3.2.5.jar:/Users/mikehummel/.m2/repository/com/github/docker-java/docker-java-transport/3.2.5/docker-java-transport-3.2.5.jar:/Users/mikehummel/.m2/repository/commons-io/commons-io/2.8.0/commons-io-2.8.0.jar:/Users/mikehummel/.m2/repository/org/apache/commons/commons-compress/1.20/commons-compress-1.20.jar:/Users/mikehummel/.m2/repository/commons-lang/commons-lang/2.6/commons-lang-2.6.jar:/Users/mikehummel/.m2/repository/com/google/guava/guava/28.2-jre/guava-28.2-jre.jar:/Users/mikehummel/.m2/repository/com/google/guava/failureaccess/1.0.1/failureaccess-1.0.1.jar:/Users/mikehummel/.m2/repository/com/google/guava/listenablefuture/9999.0-empty-to-avoid-conflict-with-guava/listenablefuture-9999.0-empty-to-avoid-conflict-with-guava.jar:/Users/mikehummel/.m2/repository/com/google/code/findbugs/jsr305/3.0.2/jsr305-3.0.2.jar:/Users/mikehummel/.m2/repository/org/checkerframework/checker-qual/2.5.2/checker-qual-2.5.2.jar:/Users/mikehummel/.m2/repository/com/google/errorprone/error_prone_annotations/2.2.0/error_prone_annotations-2.2.0.jar:/Users/mikehummel/.m2/repository/com/google/j2objc/j2objc-annotations/1.3/j2objc-annotations-1.3.jar:/Users/mikehummel/.m2/repository/org/bouncycastle/bcpkix-jdk15on/1.68/bcpkix-jdk15on-1.68.jar:/Users/mikehummel/.m2/repository/com/github/docker-java/docker-java-transport-httpclient5/3.2.5/docker-java-transport-httpclient5-3.2.5.jar:/Users/mikehummel/.m2/repository/org/apache/httpcomponents/client5/httpclient5/5.0/httpclient5-5.0.jar:/Users/mikehummel/.m2/repository/org/apache/httpcomponents/core5/httpcore5/5.0/httpcore5-5.0.jar:/Users/mikehummel/.m2/repository/net/java/dev/jna/jna/5.3.1/jna-5.3.1.jar:/Users/mikehummel/.m2/repository/org/seleniumhq/selenium/selenium-java/3.14.0/selenium-java-3.14.0.jar:/Users/mikehummel/.m2/repository/org/seleniumhq/selenium/selenium-api/3.14.0/selenium-api-3.14.0.jar:/Users/mikehummel/.m2/repository/org/seleniumhq/selenium/selenium-chrome-driver/3.14.0/selenium-chrome-driver-3.14.0.jar:/Users/mikehummel/.m2/repository/org/seleniumhq/selenium/selenium-edge-driver/3.14.0/selenium-edge-driver-3.14.0.jar:/Users/mikehummel/.m2/repository/org/seleniumhq/selenium/selenium-firefox-driver/3.14.0/selenium-firefox-driver-3.14.0.jar:/Users/mikehummel/.m2/repository/org/seleniumhq/selenium/selenium-ie-driver/3.14.0/selenium-ie-driver-3.14.0.jar:/Users/mikehummel/.m2/repository/org/seleniumhq/selenium/selenium-opera-driver/3.14.0/selenium-opera-driver-3.14.0.jar:/Users/mikehummel/.m2/repository/org/seleniumhq/selenium/selenium-remote-driver/3.14.0/selenium-remote-driver-3.14.0.jar:/Users/mikehummel/.m2/repository/org/seleniumhq/selenium/selenium-safari-driver/3.14.0/selenium-safari-driver-3.14.0.jar:/Users/mikehummel/.m2/repository/org/seleniumhq/selenium/selenium-support/3.14.0/selenium-support-3.14.0.jar:/Users/mikehummel/.m2/repository/org/apache/commons/commons-exec/1.3/commons-exec-1.3.jar:/Users/mikehummel/.m2/repository/com/squareup/okhttp3/okhttp/3.14.9/okhttp-3.14.9.jar:/Users/mikehummel/.m2/repository/com/squareup/okio/okio/1.17.2/okio-1.17.2.jar:/Users/mikehummel/.m2/repository/org/junit/jupiter/junit-jupiter/5.6.2/junit-jupiter-5.6.2.jar:/Users/mikehummel/.m2/repository/org/junit/jupiter/junit-jupiter-params/5.7.0/junit-jupiter-params-5.7.0.jar:/Users/mikehummel/.m2/repository/org/hamcrest/hamcrest-all/1.3/hamcrest-all-1.3.jar:"/>
    <property name="user.home" value="/Users/mikehummel"/>
    <property name="maven.compiler.source" value="11"/>
    <property name="pax-logging-log4j2.version" value="1.8.5"/>
    <property name="commons-discovery.version" value="1.3.4"/>
    <property name="io.netty.allocator.maxOrder" value="1"/>
    <property name="jline.version" value="3.9.0"/>
    <property name="bundle.plugin" value="5.1.1"/>
    <property name="java.awt.graphicsenv" value="sun.awt.CGraphicsEnvironment"/>
    <property name="postgresql.version" value="42.1.3"/>
    <property name="felix.healthcheck.api.version" value="2.0.2"/>
    <property name="geronimo-ws-metadata.version" value="1.1.3"/>
    <property name="servicemix-spec.version" value="2.9.0"/>
    <property name="guava.version" value="28.2-jre"/>
    <property name="path.separator" value=":"/>
    <property name="hamcrest.version" value="1.3"/>
    <property name="vaadin.vaadin-sass-compiler.version" value="0.9.12"/>
    <property name="os.version" value="10.16"/>
    <property name="commons-pool.version" value="1.6"/>
    <property name="commons-dbcp.version" value="1.4"/>
    <property name="httpcomponents.httpclient.version" value="4.5.13"/>
    <property name="junit.juniper.version" value="5.6.2"/>
    <property name="jjwt.version" value="0.11.2"/>
    <property name="sun.nio.ch.bugLevel" value=""/>
    <property name="java.vm.name" value="OpenJDK 64-Bit Server VM"/>
    <property name="felix.plugin.version" value="3.0.1"/>
    <property name="mhus-parent.version" value="7.4.0-SNAPSHOT"/>
    <property name="os.arch" value="x86_64"/>
    <property name="commons-net.version" value="3.6"/>
    <property name="vertx.disableDnsResolver" value="true"/>
    <property name="java.vm.info" value="mixed mode"/>
    <property name="felix.healthcheck.generalchecks.version" value="2.0.4"/>
    <property name="java.class.version" value="55.0"/>
    <property name="maven.deploy.skip" value="true"/>
    <property name="argLine" value="-javaagent:/Users/mikehummel/.m2/repository/org/jacoco/org.jacoco.agent/0.8.6/org.jacoco.agent-0.8.6-runtime.jar=destfile=/Users/mikehummel/MHU/workspaces/mhus/mhus-itests/quarkus-mhus/target/jacoco.exec"/>
    <property name="quarkus.platform.group-id" value="io.quarkus"/>
    <property name="awt.toolkit" value="sun.lwawt.macosx.LWCToolkit"/>
    <property name="bndlib.version" value="2.4.0"/>
    <property name="sun.jnu.encoding" value="UTF-8"/>
    <property name="portlet.version" value="2.0"/>
    <property name="constgenerator.plugin.mhus" value="3.6.1"/>
    <property name="junit.platform.version" value="1.6.2"/>
    <property name="nexus.plugin" value="1.6.8"/>
    <property name="slf4j.version" value="1.7.6"/>
    <property name="opentracingapi.version" value="0.31.0"/>
    <property name="commons-codec.version" value="1.12"/>
    <property name="commons-collections4.version" value="4.0"/>
    <property name="assembly.plugin" value="2.1"/>
    <property name="vaadin.addon-test-helpers.version" value="1.2"/>
    <property name="org.jsoup.version" value="1.11.3"/>
    <property name="maven.home" value="/usr/local/Cellar/maven/3.6.3/libexec"/>
    <property name="surefire.plugin" value="2.22.1"/>
    <property name="file.separator" value="/"/>
    <property name="java.vm.compressedOopsMode" value="Zero based"/>
    <property name="line.separator" value="&#10;"/>
    <property name="mhus-vault.version" value="7.4.0-SNAPSHOT"/>
    <property name="javax.xml.soap.version" value="1.4.0"/>
    <property name="manual.collector.plugin" value="1.1.0"/>
    <property name="mhus-osgi-tools.version" value="7.4.0-SNAPSHOT"/>
    <property name="gpg.plugin" value="1.7"/>
    <property name="mhus-osgi-servlets.version" value="7.3.0-SNAPSHOT"/>
    <property name="docker.mhus-apache-karaf.version" value="4.2.6_05"/>
    <property name="user.name" value="mikehummel"/>
    <property name="activemq.version" value="5.15.13"/>
    <property name="mhus-ports.version" value="7.3.0-SNAPSHOT"/>
    <property name="javadoc.plugin" value="3.2.0"/>
    <property name="hazelcast.version" value="3.9.1"/>
    <property name="mhus-reactive.version" value="7.5.0-SNAPSHOT"/>
    <property name="io.netty.noJdkZlibDecoder" value="false"/>
    <property name="localRepository" value="/Users/mikehummel/.m2/repository"/>
    <property name="hsqldb.version" value="2.3.2"/>
    <property name="mongo.version" value="3.10.1"/>
    <property name="junit.jupiter.version" value="5.6.2"/>
    <property name="project.reporting.outputEncoding" value="UTF-8"/>
    <property name="sun.os.patch.level" value="unknown"/>
    <property name="mhus-web.version" value="7.3.0-SNAPSHOT"/>
    <property name="maven.compiler.target" value="11"/>
    <property name="mhus-vaadin.version" value="7.3.0-SNAPSHOT"/>
    <property name="felix.healthcheck.core.version" value="2.0.6"/>
    <property name="source.plugin" value="2.2.1"/>
    <property name="tmpl.plugin" value="1.1.0"/>
    <property name="felix.healthcheck.webconsoleplugin.version" value="2.0.0"/>
    <property name="shiro.version" value="1.6.0"/>
    <property name="io.netty.machineId" value="fa:c6:1c:93:4f:ca:53:62"/>
    <property name="osgi.version" value="6.0.0"/>
    <property name="felix.metatype.version" value="1.2.2"/>
    <property name="gopherProxySet" value="false"/>
    <property name="httpcomponents.httpcore.version" value="4.4.14"/>
    <property name="javax.xml.rpc.version" value="1.1.1"/>
    <property name="quarkus.platform.version" value="1.11.3.Final"/>
    <property name="karaf.version" value="4.2.6"/>
    <property name="license.plugin" value="2.11.1"/>
    <property name="test.url" value="http://localhost:8081"/>
    <property name="java.class.path" value="/Users/mikehummel/.m2/repository/org/apache/maven/surefire/surefire-booter/3.0.0-M5/surefire-booter-3.0.0-M5.jar:/Users/mikehummel/.m2/repository/org/apache/maven/surefire/surefire-api/3.0.0-M5/surefire-api-3.0.0-M5.jar:/Users/mikehummel/.m2/repository/org/apache/maven/surefire/surefire-logger-api/3.0.0-M5/surefire-logger-api-3.0.0-M5.jar:/Users/mikehummel/.m2/repository/org/apache/maven/surefire/surefire-shared-utils/3.0.0-M4/surefire-shared-utils-3.0.0-M4.jar:/Users/mikehummel/.m2/repository/org/apache/maven/surefire/surefire-extensions-spi/3.0.0-M5/surefire-extensions-spi-3.0.0-M5.jar:/Users/mikehummel/MHU/workspaces/mhus/mhus-itests/quarkus-mhus/target/test-classes:/Users/mikehummel/MHU/workspaces/mhus/mhus-itests/quarkus-mhus/target/classes:/Users/mikehummel/.m2/repository/de/mhus/lib/lib-annotations/7.4.0-SNAPSHOT/lib-annotations-7.4.0-SNAPSHOT.jar:/Users/mikehummel/.m2/repository/com/fasterxml/jackson/core/jackson-databind/2.10.2/jackson-databind-2.10.2.jar:/Users/mikehummel/.m2/repository/com/fasterxml/jackson/core/jackson-annotations/2.11.3/jackson-annotations-2.11.3.jar:/Users/mikehummel/.m2/repository/com/fasterxml/jackson/core/jackson-core/2.11.3/jackson-core-2.11.3.jar:/Users/mikehummel/.m2/repository/org/apache/logging/log4j/log4j-core/2.8.1/log4j-core-2.8.1.jar:/Users/mikehummel/.m2/repository/org/apache/logging/log4j/log4j-api/2.8.1/log4j-api-2.8.1.jar:/Users/mikehummel/.m2/repository/org/slf4j/slf4j-api/1.7.6/slf4j-api-1.7.6.jar:/Users/mikehummel/.m2/repository/de/mhus/lib/lib-core/7.4.0-SNAPSHOT/lib-core-7.4.0-SNAPSHOT.jar:/Users/mikehummel/.m2/repository/org/bouncycastle/bcprov-jdk15on/1.66/bcprov-jdk15on-1.66.jar:/Users/mikehummel/.m2/repository/org/bouncycastle/bcmail-jdk15/1.46/bcmail-jdk15-1.46.jar:/Users/mikehummel/.m2/repository/org/apache/httpcomponents/httpclient/4.5.13/httpclient-4.5.13.jar:/Users/mikehummel/.m2/repository/org/apache/httpcomponents/httpcore/4.4.14/httpcore-4.4.14.jar:/Users/mikehummel/.m2/repository/commons-logging/commons-logging/1.2/commons-logging-1.2.jar:/Users/mikehummel/.m2/repository/commons-codec/commons-codec/1.14/commons-codec-1.14.jar:/Users/mikehummel/.m2/repository/net/bytebuddy/byte-buddy/1.9.4/byte-buddy-1.9.4.jar:/Users/mikehummel/.m2/repository/net/bytebuddy/byte-buddy-agent/1.9.4/byte-buddy-agent-1.9.4.jar:/Users/mikehummel/.m2/repository/javax/mail/mail/1.4.1/mail-1.4.1.jar:/Users/mikehummel/.m2/repository/javax/activation/activation/1.1.1/activation-1.1.1.jar:/Users/mikehummel/.m2/repository/org/jline/jline/3.9.0/jline-3.9.0.jar:/Users/mikehummel/.m2/repository/org/apache/shiro/shiro-core/1.6.0/shiro-core-1.6.0.jar:/Users/mikehummel/.m2/repository/org/apache/shiro/shiro-lang/1.6.0/shiro-lang-1.6.0.jar:/Users/mikehummel/.m2/repository/org/apache/shiro/shiro-cache/1.6.0/shiro-cache-1.6.0.jar:/Users/mikehummel/.m2/repository/org/apache/shiro/shiro-crypto-hash/1.6.0/shiro-crypto-hash-1.6.0.jar:/Users/mikehummel/.m2/repository/org/apache/shiro/shiro-crypto-core/1.6.0/shiro-crypto-core-1.6.0.jar:/Users/mikehummel/.m2/repository/org/apache/shiro/shiro-crypto-cipher/1.6.0/shiro-crypto-cipher-1.6.0.jar:/Users/mikehummel/.m2/repository/org/apache/shiro/shiro-event/1.6.0/shiro-event-1.6.0.jar:/Users/mikehummel/.m2/repository/org/apache/shiro/shiro-config-core/1.6.0/shiro-config-core-1.6.0.jar:/Users/mikehummel/.m2/repository/org/apache/shiro/shiro-config-ogdl/1.6.0/shiro-config-ogdl-1.6.0.jar:/Users/mikehummel/.m2/repository/commons-beanutils/commons-beanutils/1.9.4/commons-beanutils-1.9.4.jar:/Users/mikehummel/.m2/repository/commons-collections/commons-collections/3.2.2/commons-collections-3.2.2.jar:/Users/mikehummel/.m2/repository/io/jsonwebtoken/jjwt-api/0.11.2/jjwt-api-0.11.2.jar:/Users/mikehummel/.m2/repository/io/jsonwebtoken/jjwt-impl/0.11.2/jjwt-impl-0.11.2.jar:/Users/mikehummel/.m2/repository/io/jsonwebtoken/jjwt-jackson/0.11.2/jjwt-jackson-0.11.2.jar:/Users/mikehummel/.m2/repository/org/yaml/snakeyaml/1.26/snakeyaml-1.26.jar:/Users/mikehummel/.m2/repository/org/apache/maven/maven-plugin-api/3.6.3/maven-plugin-api-3.6.3.jar:/Users/mikehummel/.m2/repository/org/apache/maven/maven-model/3.6.3/maven-model-3.6.3.jar:/Users/mikehummel/.m2/repository/org/apache/maven/maven-artifact/3.6.3/maven-artifact-3.6.3.jar:/Users/mikehummel/.m2/repository/org/eclipse/sisu/org.eclipse.sisu.plexus/0.3.4/org.eclipse.sisu.plexus-0.3.4.jar:/Users/mikehummel/.m2/repository/javax/enterprise/cdi-api/1.0/cdi-api-1.0.jar:/Users/mikehummel/.m2/repository/javax/annotation/jsr250-api/1.0/jsr250-api-1.0.jar:/Users/mikehummel/.m2/repository/javax/inject/javax.inject/1/javax.inject-1.jar:/Users/mikehummel/.m2/repository/org/codehaus/plexus/plexus-component-annotations/2.1.0/plexus-component-annotations-2.1.0.jar:/Users/mikehummel/.m2/repository/org/codehaus/plexus/plexus-utils/3.2.1/plexus-utils-3.2.1.jar:/Users/mikehummel/.m2/repository/org/codehaus/plexus/plexus-classworlds/2.6.0/plexus-classworlds-2.6.0.jar:/Users/mikehummel/.m2/repository/io/opentracing/opentracing-api/0.31.0/opentracing-api-0.31.0.jar:/Users/mikehummel/.m2/repository/io/opentracing/opentracing-util/0.31.0/opentracing-util-0.31.0.jar:/Users/mikehummel/.m2/repository/io/opentracing/opentracing-noop/0.31.0/opentracing-noop-0.31.0.jar:/Users/mikehummel/.m2/repository/javax/cache/cache-api/1.1.1/cache-api-1.1.1.jar:/Users/mikehummel/.m2/repository/io/quarkus/quarkus-arc/1.11.3.Final/quarkus-arc-1.11.3.Final.jar:/Users/mikehummel/.m2/repository/io/quarkus/arc/arc/1.11.3.Final/arc-1.11.3.Final.jar:/Users/mikehummel/.m2/repository/jakarta/enterprise/jakarta.enterprise.cdi-api/2.0.2/jakarta.enterprise.cdi-api-2.0.2.jar:/Users/mikehummel/.m2/repository/jakarta/el/jakarta.el-api/3.0.3/jakarta.el-api-3.0.3.jar:/Users/mikehummel/.m2/repository/jakarta/interceptor/jakarta.interceptor-api/1.2.5/jakarta.interceptor-api-1.2.5.jar:/Users/mikehummel/.m2/repository/jakarta/annotation/jakarta.annotation-api/1.3.5/jakarta.annotation-api-1.3.5.jar:/Users/mikehummel/.m2/repository/jakarta/transaction/jakarta.transaction-api/1.3.3/jakarta.transaction-api-1.3.3.jar:/Users/mikehummel/.m2/repository/org/jboss/logging/jboss-logging/3.4.1.Final/jboss-logging-3.4.1.Final.jar:/Users/mikehummel/.m2/repository/io/quarkus/quarkus-core/1.11.3.Final/quarkus-core-1.11.3.Final.jar:/Users/mikehummel/.m2/repository/jakarta/inject/jakarta.inject-api/1.0/jakarta.inject-api-1.0.jar:/Users/mikehummel/.m2/repository/io/quarkus/quarkus-ide-launcher/1.11.3.Final/quarkus-ide-launcher-1.11.3.Final.jar:/Users/mikehummel/.m2/repository/io/quarkus/quarkus-development-mode-spi/1.11.3.Final/quarkus-development-mode-spi-1.11.3.Final.jar:/Users/mikehummel/.m2/repository/io/smallrye/config/smallrye-config/1.10.2/smallrye-config-1.10.2.jar:/Users/mikehummel/.m2/repository/io/smallrye/common/smallrye-common-annotation/1.5.0/smallrye-common-annotation-1.5.0.jar:/Users/mikehummel/.m2/repository/io/smallrye/config/smallrye-config-common/1.10.2/smallrye-config-common-1.10.2.jar:/Users/mikehummel/.m2/repository/org/eclipse/microprofile/config/microprofile-config-api/1.4/microprofile-config-api-1.4.jar:/Users/mikehummel/.m2/repository/io/smallrye/common/smallrye-common-expression/1.5.0/smallrye-common-expression-1.5.0.jar:/Users/mikehummel/.m2/repository/io/smallrye/common/smallrye-common-function/1.5.0/smallrye-common-function-1.5.0.jar:/Users/mikehummel/.m2/repository/io/smallrye/common/smallrye-common-constraint/1.5.0/smallrye-common-constraint-1.5.0.jar:/Users/mikehummel/.m2/repository/io/smallrye/common/smallrye-common-classloader/1.5.0/smallrye-common-classloader-1.5.0.jar:/Users/mikehummel/.m2/repository/org/jboss/logmanager/jboss-logmanager-embedded/1.0.6/jboss-logmanager-embedded-1.0.6.jar:/Users/mikehummel/.m2/repository/org/jboss/logging/jboss-logging-annotations/2.2.0.Final/jboss-logging-annotations-2.2.0.Final.jar:/Users/mikehummel/.m2/repository/org/jboss/threads/jboss-threads/3.2.0.Final/jboss-threads-3.2.0.Final.jar:/Users/mikehummel/.m2/repository/org/jboss/slf4j/slf4j-jboss-logmanager/1.1.0.Final/slf4j-jboss-logmanager-1.1.0.Final.jar:/Users/mikehummel/.m2/repository/org/graalvm/sdk/graal-sdk/20.3.1/graal-sdk-20.3.1.jar:/Users/mikehummel/.m2/repository/org/wildfly/common/wildfly-common/1.5.4.Final-format-001/wildfly-common-1.5.4.Final-format-001.jar:/Users/mikehummel/.m2/repository/io/quarkus/quarkus-bootstrap-runner/1.11.3.Final/quarkus-bootstrap-runner-1.11.3.Final.jar:/Users/mikehummel/.m2/repository/org/eclipse/microprofile/context-propagation/microprofile-context-propagation-api/1.0.1/microprofile-context-propagation-api-1.0.1.jar:/Users/mikehummel/.m2/repository/io/quarkus/quarkus-resteasy/1.11.3.Final/quarkus-resteasy-1.11.3.Final.jar:/Users/mikehummel/.m2/repository/io/quarkus/quarkus-vertx-http/1.11.3.Final/quarkus-vertx-http-1.11.3.Final.jar:/Users/mikehummel/.m2/repository/io/quarkus/quarkus-security-runtime-spi/1.11.3.Final/quarkus-security-runtime-spi-1.11.3.Final.jar:/Users/mikehummel/.m2/repository/io/quarkus/quarkus-vertx-http-dev-console-runtime-spi/1.11.3.Final/quarkus-vertx-http-dev-console-runtime-spi-1.11.3.Final.jar:/Users/mikehummel/.m2/repository/io/quarkus/security/quarkus-security/1.1.3.Final/quarkus-security-1.1.3.Final.jar:/Users/mikehummel/.m2/repository/io/smallrye/reactive/mutiny/0.12.5/mutiny-0.12.5.jar:/Users/mikehummel/.m2/repository/org/reactivestreams/reactive-streams/1.0.3/reactive-streams-1.0.3.jar:/Users/mikehummel/.m2/repository/io/quarkus/quarkus-vertx-core/1.11.3.Final/quarkus-vertx-core-1.11.3.Final.jar:/Users/mikehummel/.m2/repository/io/quarkus/quarkus-netty/1.11.3.Final/quarkus-netty-1.11.3.Final.jar:/Users/mikehummel/.m2/repository/io/netty/netty-codec/4.1.49.Final/netty-codec-4.1.49.Final.jar:/Users/mikehummel/.m2/repository/io/netty/netty-handler/4.1.49.Final/netty-handler-4.1.49.Final.jar:/Users/mikehummel/.m2/repository/io/vertx/vertx-core/3.9.5/vertx-core-3.9.5.jar:/Users/mikehummel/.m2/repository/io/netty/netty-common/4.1.49.Final/netty-common-4.1.49.Final.jar:/Users/mikehummel/.m2/repository/io/netty/netty-buffer/4.1.49.Final/netty-buffer-4.1.49.Final.jar:/Users/mikehummel/.m2/repository/io/netty/netty-transport/4.1.49.Final/netty-transport-4.1.49.Final.jar:/Users/mikehummel/.m2/repository/io/netty/netty-handler-proxy/4.1.49.Final/netty-handler-proxy-4.1.49.Final.jar:/Users/mikehummel/.m2/repository/io/netty/netty-codec-socks/4.1.49.Final/netty-codec-socks-4.1.49.Final.jar:/Users/mikehummel/.m2/repository/io/netty/netty-codec-http/4.1.49.Final/netty-codec-http-4.1.49.Final.jar:/Users/mikehummel/.m2/repository/io/netty/netty-codec-http2/4.1.49.Final/netty-codec-http2-4.1.49.Final.jar:/Users/mikehummel/.m2/repository/io/netty/netty-resolver/4.1.49.Final/netty-resolver-4.1.49.Final.jar:/Users/mikehummel/.m2/repository/io/netty/netty-resolver-dns/4.1.49.Final/netty-resolver-dns-4.1.49.Final.jar:/Users/mikehummel/.m2/repository/io/netty/netty-codec-dns/4.1.49.Final/netty-codec-dns-4.1.49.Final.jar:/Users/mikehummel/.m2/repository/io/vertx/vertx-web/3.9.5/vertx-web-3.9.5.jar:/Users/mikehummel/.m2/repository/io/vertx/vertx-web-common/3.9.5/vertx-web-common-3.9.5.jar:/Users/mikehummel/.m2/repository/io/vertx/vertx-auth-common/3.9.5/vertx-auth-common-3.9.5.jar:/Users/mikehummel/.m2/repository/io/vertx/vertx-bridge-common/3.9.5/vertx-bridge-common-3.9.5.jar:/Users/mikehummel/.m2/repository/io/quarkus/quarkus-resteasy-server-common/1.11.3.Final/quarkus-resteasy-server-common-1.11.3.Final.jar:/Users/mikehummel/.m2/repository/io/quarkus/quarkus-resteasy-common/1.11.3.Final/quarkus-resteasy-common-1.11.3.Final.jar:/Users/mikehummel/.m2/repository/org/jboss/resteasy/resteasy-core/4.5.8.SP1/resteasy-core-4.5.8.SP1.jar:/Users/mikehummel/.m2/repository/org/jboss/spec/javax/ws/rs/jboss-jaxrs-api_2.1_spec/2.0.1.Final/jboss-jaxrs-api_2.1_spec-2.0.1.Final.jar:/Users/mikehummel/.m2/repository/org/jboss/spec/javax/xml/bind/jboss-jaxb-api_2.3_spec/2.0.0.Final/jboss-jaxb-api_2.3_spec-2.0.0.Final.jar:/Users/mikehummel/.m2/repository/org/jboss/resteasy/resteasy-core-spi/4.5.8.SP1/resteasy-core-spi-4.5.8.SP1.jar:/Users/mikehummel/.m2/repository/com/ibm/async/asyncutil/0.1.0/asyncutil-0.1.0.jar:/Users/mikehummel/.m2/repository/com/sun/activation/jakarta.activation/1.2.1/jakarta.activation-1.2.1.jar:/Users/mikehummel/.m2/repository/jakarta/validation/jakarta.validation-api/2.0.2/jakarta.validation-api-2.0.2.jar:/Users/mikehummel/.m2/repository/io/quarkus/quarkus-junit5/1.11.3.Final/quarkus-junit5-1.11.3.Final.jar:/Users/mikehummel/.m2/repository/io/quarkus/quarkus-bootstrap-core/1.11.3.Final/quarkus-bootstrap-core-1.11.3.Final.jar:/Users/mikehummel/.m2/repository/io/quarkus/quarkus-bootstrap-app-model/1.11.3.Final/quarkus-bootstrap-app-model-1.11.3.Final.jar:/Users/mikehummel/.m2/repository/io/quarkus/quarkus-bootstrap-maven-resolver/1.11.3.Final/quarkus-bootstrap-maven-resolver-1.11.3.Final.jar:/Users/mikehummel/.m2/repository/org/apache/maven/maven-embedder/3.6.3/maven-embedder-3.6.3.jar:/Users/mikehummel/.m2/repository/org/apache/maven/maven-settings/3.6.3/maven-settings-3.6.3.jar:/Users/mikehummel/.m2/repository/org/apache/maven/maven-core/3.6.3/maven-core-3.6.3.jar:/Users/mikehummel/.m2/repository/org/apache/maven/maven-model-builder/3.6.3/maven-model-builder-3.6.3.jar:/Users/mikehummel/.m2/repository/org/apache/maven/maven-builder-support/3.6.3/maven-builder-support-3.6.3.jar:/Users/mikehummel/.m2/repository/org/apache/maven/resolver/maven-resolver-api/1.4.1/maven-resolver-api-1.4.1.jar:/Users/mikehummel/.m2/repository/org/apache/maven/resolver/maven-resolver-util/1.4.1/maven-resolver-util-1.4.1.jar:/Users/mikehummel/.m2/repository/org/apache/maven/shared/maven-shared-utils/3.2.1/maven-shared-utils-3.2.1.jar:/Users/mikehummel/.m2/repository/com/google/inject/guice/4.2.1/guice-4.2.1-no_aop.jar:/Users/mikehummel/.m2/repository/commons-cli/commons-cli/1.4/commons-cli-1.4.jar:/Users/mikehummel/.m2/repository/org/apache/maven/maven-settings-builder/3.6.3/maven-settings-builder-3.6.3.jar:/Users/mikehummel/.m2/repository/org/codehaus/plexus/plexus-interpolation/1.25/plexus-interpolation-1.25.jar:/Users/mikehummel/.m2/repository/org/sonatype/plexus/plexus-sec-dispatcher/1.4/plexus-sec-dispatcher-1.4.jar:/Users/mikehummel/.m2/repository/org/sonatype/plexus/plexus-cipher/1.4/plexus-cipher-1.4.jar:/Users/mikehummel/.m2/repository/org/apache/maven/maven-resolver-provider/3.6.3/maven-resolver-provider-3.6.3.jar:/Users/mikehummel/.m2/repository/org/apache/maven/maven-repository-metadata/3.6.3/maven-repository-metadata-3.6.3.jar:/Users/mikehummel/.m2/repository/org/apache/maven/resolver/maven-resolver-spi/1.4.1/maven-resolver-spi-1.4.1.jar:/Users/mikehummel/.m2/repository/org/apache/maven/resolver/maven-resolver-impl/1.4.1/maven-resolver-impl-1.4.1.jar:/Users/mikehummel/.m2/repository/org/apache/maven/resolver/maven-resolver-connector-basic/1.4.1/maven-resolver-connector-basic-1.4.1.jar:/Users/mikehummel/.m2/repository/org/apache/maven/resolver/maven-resolver-transport-wagon/1.4.1/maven-resolver-transport-wagon-1.4.1.jar:/Users/mikehummel/.m2/repository/org/apache/maven/wagon/wagon-http/3.3.4/wagon-http-3.3.4.jar:/Users/mikehummel/.m2/repository/org/apache/maven/wagon/wagon-http-shared/3.3.4/wagon-http-shared-3.3.4.jar:/Users/mikehummel/.m2/repository/org/jsoup/jsoup/1.12.1/jsoup-1.12.1.jar:/Users/mikehummel/.m2/repository/org/apache/maven/wagon/wagon-provider-api/3.3.4/wagon-provider-api-3.3.4.jar:/Users/mikehummel/.m2/repository/org/apache/maven/wagon/wagon-file/3.3.4/wagon-file-3.3.4.jar:/Users/mikehummel/.m2/repository/io/quarkus/quarkus-bootstrap-gradle-resolver/1.11.3.Final/quarkus-bootstrap-gradle-resolver-1.11.3.Final.jar:/Users/mikehummel/.m2/repository/io/smallrye/common/smallrye-common-io/1.5.0/smallrye-common-io-1.5.0.jar:/Users/mikehummel/.m2/repository/org/eclipse/sisu/org.eclipse.sisu.inject/0.3.4/org.eclipse.sisu.inject-0.3.4.jar:/Users/mikehummel/.m2/repository/io/quarkus/quarkus-test-common/1.11.3.Final/quarkus-test-common-1.11.3.Final.jar:/Users/mikehummel/.m2/repository/io/quarkus/quarkus-core-deployment/1.11.3.Final/quarkus-core-deployment-1.11.3.Final.jar:/Users/mikehummel/.m2/repository/io/quarkus/gizmo/gizmo/1.0.6.Final/gizmo-1.0.6.Final.jar:/Users/mikehummel/.m2/repository/org/ow2/asm/asm-util/9.0/asm-util-9.0.jar:/Users/mikehummel/.m2/repository/org/ow2/asm/asm-tree/9.0/asm-tree-9.0.jar:/Users/mikehummel/.m2/repository/org/ow2/asm/asm-analysis/9.0/asm-analysis-9.0.jar:/Users/mikehummel/.m2/repository/org/ow2/asm/asm/9.0/asm-9.0.jar:/Users/mikehummel/.m2/repository/io/quarkus/quarkus-class-change-agent/1.11.3.Final/quarkus-class-change-agent-1.11.3.Final.jar:/Users/mikehummel/.m2/repository/io/quarkus/quarkus-devtools-utilities/1.11.3.Final/quarkus-devtools-utilities-1.11.3.Final.jar:/Users/mikehummel/.m2/repository/io/quarkus/quarkus-builder/1.11.3.Final/quarkus-builder-1.11.3.Final.jar:/Users/mikehummel/.m2/repository/io/quarkus/quarkus-jsonp-deployment/1.11.3.Final/quarkus-jsonp-deployment-1.11.3.Final.jar:/Users/mikehummel/.m2/repository/io/quarkus/quarkus-jsonp/1.11.3.Final/quarkus-jsonp-1.11.3.Final.jar:/Users/mikehummel/.m2/repository/org/glassfish/jakarta.json/1.1.6/jakarta.json-1.1.6.jar:/Users/mikehummel/.m2/repository/org/jboss/jandex/2.2.2.Final/jandex-2.2.2.Final.jar:/Users/mikehummel/.m2/repository/org/jboss/logging/commons-logging-jboss-logging/1.0.0.Final/commons-logging-jboss-logging-1.0.0.Final.jar:/Users/mikehummel/.m2/repository/com/thoughtworks/xstream/xstream/1.4.14/xstream-1.4.14.jar:/Users/mikehummel/.m2/repository/xmlpull/xmlpull/1.1.3.1/xmlpull-1.1.3.1.jar:/Users/mikehummel/.m2/repository/xpp3/xpp3_min/1.1.4c/xpp3_min-1.1.4c.jar:/Users/mikehummel/.m2/repository/io/rest-assured/rest-assured/4.3.3/rest-assured-4.3.3.jar:/Users/mikehummel/.m2/repository/org/codehaus/groovy/groovy/3.0.5/groovy-3.0.5.jar:/Users/mikehummel/.m2/repository/org/codehaus/groovy/groovy-xml/3.0.7/groovy-xml-3.0.7.jar:/Users/mikehummel/.m2/repository/org/apache/httpcomponents/httpmime/4.5.13/httpmime-4.5.13.jar:/Users/mikehummel/.m2/repository/org/hamcrest/hamcrest/2.1/hamcrest-2.1.jar:/Users/mikehummel/.m2/repository/org/ccil/cowan/tagsoup/tagsoup/1.2.1/tagsoup-1.2.1.jar:/Users/mikehummel/.m2/repository/io/rest-assured/json-path/4.3.3/json-path-4.3.3.jar:/Users/mikehummel/.m2/repository/org/codehaus/groovy/groovy-json/3.0.5/groovy-json-3.0.5.jar:/Users/mikehummel/.m2/repository/io/rest-assured/rest-assured-common/4.3.3/rest-assured-common-4.3.3.jar:/Users/mikehummel/.m2/repository/io/rest-assured/xml-path/4.3.3/xml-path-4.3.3.jar:/Users/mikehummel/.m2/repository/org/apache/commons/commons-lang3/3.9/commons-lang3-3.9.jar:/Users/mikehummel/.m2/repository/jakarta/xml/bind/jakarta.xml.bind-api/2.3.3/jakarta.xml.bind-api-2.3.3.jar:/Users/mikehummel/.m2/repository/jakarta/activation/jakarta.activation-api/1.2.1/jakarta.activation-api-1.2.1.jar:/Users/mikehummel/.m2/repository/com/sun/xml/bind/jaxb-impl/2.3.3/jaxb-impl-2.3.3.jar:/Users/mikehummel/.m2/repository/io/quarkus/quarkus-container-image-docker/1.11.3.Final/quarkus-container-image-docker-1.11.3.Final.jar:/Users/mikehummel/.m2/repository/de/mhus/lib/lib-junit/7.4.0-SNAPSHOT/lib-junit-7.4.0-SNAPSHOT.jar:/Users/mikehummel/.m2/repository/org/junit/jupiter/junit-jupiter-engine/5.7.0/junit-jupiter-engine-5.7.0.jar:/Users/mikehummel/.m2/repository/org/apiguardian/apiguardian-api/1.1.0/apiguardian-api-1.1.0.jar:/Users/mikehummel/.m2/repository/org/junit/platform/junit-platform-engine/1.7.0/junit-platform-engine-1.7.0.jar:/Users/mikehummel/.m2/repository/org/junit/jupiter/junit-jupiter-api/5.7.0/junit-jupiter-api-5.7.0.jar:/Users/mikehummel/.m2/repository/org/opentest4j/opentest4j/1.2.0/opentest4j-1.2.0.jar:/Users/mikehummel/.m2/repository/org/junit/platform/junit-platform-commons/1.7.0/junit-platform-commons-1.7.0.jar:/Users/mikehummel/.m2/repository/org/junit/platform/junit-platform-launcher/1.7.0/junit-platform-launcher-1.7.0.jar:/Users/mikehummel/.m2/repository/com/github/docker-java/docker-java-core/3.2.5/docker-java-core-3.2.5.jar:/Users/mikehummel/.m2/repository/com/github/docker-java/docker-java-api/3.2.5/docker-java-api-3.2.5.jar:/Users/mikehummel/.m2/repository/com/github/docker-java/docker-java-transport/3.2.5/docker-java-transport-3.2.5.jar:/Users/mikehummel/.m2/repository/commons-io/commons-io/2.8.0/commons-io-2.8.0.jar:/Users/mikehummel/.m2/repository/org/apache/commons/commons-compress/1.20/commons-compress-1.20.jar:/Users/mikehummel/.m2/repository/commons-lang/commons-lang/2.6/commons-lang-2.6.jar:/Users/mikehummel/.m2/repository/com/google/guava/guava/28.2-jre/guava-28.2-jre.jar:/Users/mikehummel/.m2/repository/com/google/guava/failureaccess/1.0.1/failureaccess-1.0.1.jar:/Users/mikehummel/.m2/repository/com/google/guava/listenablefuture/9999.0-empty-to-avoid-conflict-with-guava/listenablefuture-9999.0-empty-to-avoid-conflict-with-guava.jar:/Users/mikehummel/.m2/repository/com/google/code/findbugs/jsr305/3.0.2/jsr305-3.0.2.jar:/Users/mikehummel/.m2/repository/org/checkerframework/checker-qual/2.5.2/checker-qual-2.5.2.jar:/Users/mikehummel/.m2/repository/com/google/errorprone/error_prone_annotations/2.2.0/error_prone_annotations-2.2.0.jar:/Users/mikehummel/.m2/repository/com/google/j2objc/j2objc-annotations/1.3/j2objc-annotations-1.3.jar:/Users/mikehummel/.m2/repository/org/bouncycastle/bcpkix-jdk15on/1.68/bcpkix-jdk15on-1.68.jar:/Users/mikehummel/.m2/repository/com/github/docker-java/docker-java-transport-httpclient5/3.2.5/docker-java-transport-httpclient5-3.2.5.jar:/Users/mikehummel/.m2/repository/org/apache/httpcomponents/client5/httpclient5/5.0/httpclient5-5.0.jar:/Users/mikehummel/.m2/repository/org/apache/httpcomponents/core5/httpcore5/5.0/httpcore5-5.0.jar:/Users/mikehummel/.m2/repository/net/java/dev/jna/jna/5.3.1/jna-5.3.1.jar:/Users/mikehummel/.m2/repository/org/seleniumhq/selenium/selenium-java/3.14.0/selenium-java-3.14.0.jar:/Users/mikehummel/.m2/repository/org/seleniumhq/selenium/selenium-api/3.14.0/selenium-api-3.14.0.jar:/Users/mikehummel/.m2/repository/org/seleniumhq/selenium/selenium-chrome-driver/3.14.0/selenium-chrome-driver-3.14.0.jar:/Users/mikehummel/.m2/repository/org/seleniumhq/selenium/selenium-edge-driver/3.14.0/selenium-edge-driver-3.14.0.jar:/Users/mikehummel/.m2/repository/org/seleniumhq/selenium/selenium-firefox-driver/3.14.0/selenium-firefox-driver-3.14.0.jar:/Users/mikehummel/.m2/repository/org/seleniumhq/selenium/selenium-ie-driver/3.14.0/selenium-ie-driver-3.14.0.jar:/Users/mikehummel/.m2/repository/org/seleniumhq/selenium/selenium-opera-driver/3.14.0/selenium-opera-driver-3.14.0.jar:/Users/mikehummel/.m2/repository/org/seleniumhq/selenium/selenium-remote-driver/3.14.0/selenium-remote-driver-3.14.0.jar:/Users/mikehummel/.m2/repository/org/seleniumhq/selenium/selenium-safari-driver/3.14.0/selenium-safari-driver-3.14.0.jar:/Users/mikehummel/.m2/repository/org/seleniumhq/selenium/selenium-support/3.14.0/selenium-support-3.14.0.jar:/Users/mikehummel/.m2/repository/org/apache/commons/commons-exec/1.3/commons-exec-1.3.jar:/Users/mikehummel/.m2/repository/com/squareup/okhttp3/okhttp/3.14.9/okhttp-3.14.9.jar:/Users/mikehummel/.m2/repository/com/squareup/okio/okio/1.17.2/okio-1.17.2.jar:/Users/mikehummel/.m2/repository/org/junit/jupiter/junit-jupiter/5.6.2/junit-jupiter-5.6.2.jar:/Users/mikehummel/.m2/repository/org/junit/jupiter/junit-jupiter-params/5.7.0/junit-jupiter-params-5.7.0.jar:/Users/mikehummel/.m2/repository/org/hamcrest/hamcrest-all/1.3/hamcrest-all-1.3.jar:/Users/mikehummel/.m2/repository/org/apache/maven/surefire/surefire-junit-platform/3.0.0-M5/surefire-junit-platform-3.0.0-M5.jar:/Users/mikehummel/.m2/repository/org/apache/maven/surefire/common-java5/3.0.0-M5/common-java5-3.0.0-M5.jar"/>
    <property name="mhus-db.version" value="7.4.0-SNAPSHOT"/>
    <property name="reflections.version" value="0.9.12"/>
    <property name="java.vm.vendor" value="AdoptOpenJDK"/>
    <property name="mhus-ports-vaadin.version" value="7.3.0-SNAPSHOT"/>
    <property name="mhus-mongo.version" value="7.3.0-SNAPSHOT"/>
    <property name="groovy.version" value="2.4.16"/>
    <property name="sun.java.launcher" value="SUN_STANDARD"/>
    <property name="user.country" value="GB"/>
    <property name="sun.cpu.endian" value="little"/>
    <property name="mhus-transform.version" value="7.3.0-SNAPSHOT"/>
    <property name="bouncycastle.version" value="1.66"/>
    <property name="user.language" value="en"/>
    <property name="docker-java.version" value="3.2.5"/>
    <property name="javax.servlet.version" value="1.0.0"/>
    <property name="mysql.version" value="8.0.16"/>
    <property name="mhus-crypt.version" value="7.4.0-SNAPSHOT"/>
    <property name="jetty.version" value="9.4.34.v20201102"/>
    <property name="java.runtime.name" value="OpenJDK Runtime Environment"/>
    <property name="javax.cache.version" value="1.1.1"/>
    <property name="enforcer.version" value="1.4.1"/>
    <property name="project.build.sourceEncoding" value="UTF-8"/>
    <property name="mhus-rest.version" value="7.4.0-SNAPSHOT"/>
    <property name="geronimo-jms.version" value="1.1.1"/>
    <property name="java.vendor.url.bug" value="https://github.com/AdoptOpenJDK/openjdk-build/issues"/>
    <property name="quarkus.log.file.path" value="target/quarkus.log"/>
    <property name="vaadin.version" value="8.11.0"/>
    <property name="user.dir" value="/Users/mikehummel/MHU/workspaces/mhus/mhus-itests/quarkus-mhus"/>
    <property name="install.plugin" value="3.0.0-M1"/>
    <property name="mhus-lib.version" value="7.4.0-SNAPSHOT"/>
    <property name="ehcache.version" value="3.8.1"/>
    <property name="java.util.logging.manager" value="org.jboss.logmanager.LogManager"/>
    <property name="java.vm.version" value="11.0.5+10"/>
    <property name="cxf.version" value="3.3.1"/>
    <property name="mhus-jms.version" value="7.3.0-SNAPSHOT"/>
    <property name="constgenerator.plugin" value="3.6.2"/>
    <property name="httpcomponents.httpmime.version" value="4.5.13"/>
  </properties>
  <testcase name="testHelloEndpoint" classname="de.mhus.sample.quarkus.ExampleResourceTest" time="1.402">
    <system-out><![CDATA[Downloading from vaadin-addons: http://maven.vaadin.com/vaadin-addons/de/mhus/lib/lib-annotations/7.4.0-SNAPSHOT/maven-metadata.xml
Downloading from vaadin-addons: http://maven.vaadin.com/vaadin-addons/de/mhus/lib/mhus-lib/7.4.0-SNAPSHOT/maven-metadata.xml
Downloading from vaadin-addons: http://maven.vaadin.com/vaadin-addons/de/mhus/lib/lib-core/7.4.0-SNAPSHOT/maven-metadata.xml
Downloading from vaadin-addons: http://maven.vaadin.com/vaadin-addons/de/mhus/lib/lib-junit/7.4.0-SNAPSHOT/maven-metadata.xml
2021-03-25 10:47:52,931 INFO  [io.quarkus] (main) Quarkus 1.11.3.Final on JVM started in 1.880s. Listening on: http://localhost:8081
2021-03-25 10:47:52,933 INFO  [io.quarkus] (main) Profile test activated. 
2021-03-25 10:47:52,933 INFO  [io.quarkus] (main) Installed features: [cdi, resteasy]
RsExtension:ContainerRequestFilter
ContainerRequestFilterExtension
ContainerResponseFilter
RsExtension:ContainerResponseFilter
JaxRsExtension:aroundWriteTo
RsExtension:aroundWriteTo
]]></system-out>
  </testcase>
</testsuite>